[INFO] 21:12:07:085 TP0/(6227:6227): Soy un log
[INFO] 21:26:35:512 TP0/(7242:7242): Soy un log
[INFO] 21:34:54:986 TP0/(7787:7787): Soy un log
[INFO] 21:34:54:991 TP0/(7787:7787): Leyendo 127.0.0.1 

[INFO] 21:34:54:992 TP0/(7787:7787): Leyendo 4444 

[INFO] 21:35:21:271 TP0/(7835:7835): Soy un log
[INFO] 21:35:21:272 TP0/(7835:7835): Leyendo 127.0.0.1
[INFO] 21:35:21:272 TP0/(7835:7835): Leyendo 4444
[INFO] 22:11:11:440 TP0/(3554:3554): Soy un log
[INFO] 22:11:11:448 TP0/(3554:3554): Leyendo 127.0.0.1
[INFO] 22:11:11:448 TP0/(3554:3554): Leyendo 4444
[INFO] 22:11:34:953 TP0/(3659:3659): Soy un log
[INFO] 22:11:34:958 TP0/(3659:3659): Leyendo 127.0.0.1
[INFO] 22:11:34:958 TP0/(3659:3659): Leyendo 4444
[INFO] 22:11:39:142 TP0/(3659:3659): perro
[INFO] 22:12:08:090 TP0/(3685:3685): Soy un log
[INFO] 22:12:08:097 TP0/(3685:3685): Leyendo 127.0.0.1
[INFO] 22:12:08:097 TP0/(3685:3685): Leyendo 4444
[INFO] 22:12:55:176 TP0/(3685:3685): man readline
[INFO] 22:18:48:298 TP0/(4178:4178): Soy un log
[INFO] 22:18:48:302 TP0/(4178:4178): Leyendo 127.0.0.1
[INFO] 22:18:48:302 TP0/(4178:4178): Leyendo 4444
[INFO] 22:19:10:086 TP0/(4215:4215): Soy un log
[INFO] 22:19:10:086 TP0/(4215:4215): Leyendo 127.0.0.1
[INFO] 22:19:10:086 TP0/(4215:4215): Leyendo 4444
[INFO] 22:22:04:039 TP0/(4355:4355): Soy un log
[INFO] 22:22:04:047 TP0/(4355:4355): Leyendo 127.0.0.1
[INFO] 22:22:04:047 TP0/(4355:4355): Leyendo 4444
[INFO] 22:22:42:391 TP0/(4408:4408): Soy un log
[INFO] 22:22:42:395 TP0/(4408:4408): Leyendo 127.0.0.1
[INFO] 22:22:42:395 TP0/(4408:4408): Leyendo 4444
[INFO] 22:24:00:365 TP0/(4487:4487): Soy un log
[INFO] 22:24:00:365 TP0/(4487:4487): Leyendo 127.0.0.1
[INFO] 22:24:00:365 TP0/(4487:4487): Leyendo 4444
[INFO] 22:24:15:274 TP0/(4529:4529): Soy un log
[INFO] 22:24:15:279 TP0/(4529:4529): Leyendo 127.0.0.1
[INFO] 22:24:15:279 TP0/(4529:4529): Leyendo 4444
[INFO] 22:24:18:784 TP0/(4529:4529): hola
[INFO] 22:27:51:743 TP0/(4008:4008): Soy un log
[INFO] 22:27:51:748 TP0/(4008:4008): Leyendo 127.0.0.1
[INFO] 22:27:51:748 TP0/(4008:4008): Leyendo 4444
[INFO] 22:27:57:307 TP0/(4008:4008): Ahi
[INFO] 22:28:28:825 TP0/(4072:4072): Soy un log
[INFO] 22:28:28:829 TP0/(4072:4072): Leyendo 127.0.0.1
[INFO] 22:28:28:829 TP0/(4072:4072): Leyendo 4444
[INFO] 22:28:33:906 TP0/(4072:4072): Va
[INFO] 22:28:41:717 TP0/(4072:4072): Hola
[INFO] 22:28:58:283 TP0/(4110:4110): Soy un log
[INFO] 22:28:58:284 TP0/(4110:4110): Leyendo 127.0.0.1
[INFO] 22:28:58:284 TP0/(4110:4110): Leyendo 4444
[INFO] 22:29:12:332 TP0/(4110:4110): PPPP
[INFO] 22:29:15:444 TP0/(4110:4110): ASSS
[INFO] 22:29:18:651 TP0/(4110:4110): dDERR
[INFO] 22:29:22:199 TP0/(4110:4110): ASEDRF
[INFO] 01:32:52:303 TP0/(7780:7780): Soy un log
[INFO] 01:32:52:303 TP0/(7780:7780): Leyendo 127.0.0.1
[INFO] 01:32:52:303 TP0/(7780:7780): Leyendo 4444
[INFO] 01:32:57:947 TP0/(7794:7794): Soy un log
[INFO] 01:32:57:956 TP0/(7794:7794): Leyendo 127.0.0.1
[INFO] 01:32:57:956 TP0/(7794:7794): Leyendo 4444
[INFO] 01:33:03:549 TP0/(7794:7794): va
[INFO] 01:36:17:558 TP0/(7930:7930): Soy un log
[INFO] 01:36:17:558 TP0/(7930:7930): Leyendo 127.0.0.1
[INFO] 01:36:17:558 TP0/(7930:7930): Leyendo 4444
[INFO] 01:39:45:366 TP0/(8120:8120): Soy un log
[INFO] 01:39:45:371 TP0/(8120:8120): Leyendo 127.0.0.1
[INFO] 01:39:45:371 TP0/(8120:8120): Leyendo 4444
[INFO] 01:51:09:642 TP0/(8120:8120): va
[INFO] 01:51:12:947 TP0/(8120:8120): hola
[INFO] 02:08:57:728 TP0/(8976:8976): Soy un log
[INFO] 02:08:57:735 TP0/(8976:8976): Leyendo 127.0.0.1
[INFO] 02:08:57:735 TP0/(8976:8976): Leyendo 4444
[INFO] 02:10:10:831 TP0/(8976:8976): Hola
[INFO] 02:13:30:000 TP0/(9090:9090): Soy un log
[INFO] 02:13:30:000 TP0/(9090:9090): Leyendo 127.0.0.1
[INFO] 02:13:30:001 TP0/(9090:9090): Leyendo 4444
[INFO] 02:13:30:001 TP0/(9090:9090): Leyendo mantico
[INFO] 02:14:29:295 TP0/(9141:9141): Soy un log
[INFO] 02:14:29:300 TP0/(9141:9141): Leyendo 127.0.0.1
[INFO] 02:14:29:300 TP0/(9141:9141): Leyendo 4444
[INFO] 02:14:29:300 TP0/(9141:9141): Leyendo mantico
[INFO] 02:21:47:296 TP0/(9434:9434): Soy un log
[INFO] 02:21:47:297 TP0/(9434:9434): Leyendo mantico
[INFO] 02:33:26:200 TP0/(9981:9981): Soy un log
[INFO] 02:33:26:206 TP0/(9981:9981): Leyendo mantico
[INFO] 02:34:07:415 TP0/(9981:9981): va
[INFO] 02:49:31:205 TP0/(10389:10389): Soy un log
[INFO] 02:49:31:205 TP0/(10389:10389): Leyendo mantico
[INFO] 02:49:45:810 TP0/(10389:10389): va
[INFO] 02:50:26:691 TP0/(10445:10445): Soy un log
[INFO] 02:50:26:692 TP0/(10445:10445): Leyendo mantico
[INFO] 02:50:32:921 TP0/(10445:10445): vas
[INFO] 02:51:31:583 TP0/(10565:10565): Soy un log
[INFO] 02:51:31:587 TP0/(10565:10565): Leyendo mantico
[INFO] 02:52:13:156 TP0/(10585:10585): Soy un log
[INFO] 02:52:13:156 TP0/(10585:10585): Leyendo mantico
[INFO] 02:59:47:826 TP0/(10770:10770): Soy un log
[INFO] 02:59:47:827 TP0/(10770:10770): Leyendo mantico
[INFO] 03:04:47:872 TP0/(10922:10922): Soy un log
[INFO] 03:04:47:872 TP0/(10922:10922): Leyendo mantico
[INFO] 03:05:05:266 TP0/(10934:10934): Soy un log
[INFO] 03:05:05:267 TP0/(10934:10934): Leyendo mantico
[INFO] 03:06:09:937 TP0/(10984:10984): Soy un log
[INFO] 03:06:09:937 TP0/(10984:10984): Leyendo mantico
[INFO] 03:08:54:680 TP0/(11059:11059): Soy un log
[INFO] 03:08:54:681 TP0/(11059:11059): Leyendo mantico
[INFO] 03:08:58:961 TP0/(11059:11059): derf
[INFO] 03:10:51:336 TP0/(11125:11125): Soy un log
[INFO] 03:10:51:342 TP0/(11125:11125): Leyendo mantico
[INFO] 03:10:55:892 TP0/(11125:11125): def
[INFO] 03:10:58:598 TP0/(11125:11125): ederf
[INFO] 03:11:01:852 TP0/(11125:11125): ereret
[INFO] 03:11:21:509 TP0/(11139:11139): Soy un log
[INFO] 03:11:21:510 TP0/(11139:11139): Leyendo mantico
[INFO] 03:11:28:413 TP0/(11139:11139): perto
[INFO] 03:11:31:258 TP0/(11139:11139): ererewe
[INFO] 03:11:33:023 TP0/(11139:11139): dfdfr
[INFO] 03:11:35:012 TP0/(11139:11139): vfbgbg
[INFO] 03:18:27:320 TP0/(11393:11393): Soy un log
[INFO] 03:18:27:320 TP0/(11393:11393): Leyendo mantico
[INFO] 03:18:32:451 TP0/(11393:11393): va
[INFO] 03:19:51:015 TP0/(11451:11451): Soy un log
[INFO] 03:19:51:015 TP0/(11451:11451): Leyendo mantico
[INFO] 03:19:56:726 TP0/(11451:11451): dfgh
[INFO] 03:21:51:353 TP0/(11532:11532): Soy un log
[INFO] 03:21:51:354 TP0/(11532:11532): Leyendo mantico
[INFO] 03:21:55:513 TP0/(11532:11532): bgh
[INFO] 03:21:57:202 TP0/(11532:11532): nhj
[INFO] 03:21:59:540 TP0/(11532:11532): dff
[INFO] 03:25:59:825 TP0/(11716:11716): Soy un log
[INFO] 03:25:59:828 TP0/(11716:11716): Leyendo mantico
[INFO] 03:27:07:798 TP0/(11788:11788): Soy un log
[INFO] 03:27:07:799 TP0/(11788:11788): Leyendo mantico
[INFO] 03:30:00:643 TP0/(11863:11863): Soy un log
[INFO] 03:30:00:644 TP0/(11863:11863): Leyendo mantico
[INFO] 03:31:27:822 TP0/(11939:11939): Soy un log
[INFO] 03:31:27:822 TP0/(11939:11939): Leyendo mantico
[INFO] 03:31:32:583 TP0/(11939:11939): asdr
[INFO] 03:32:55:801 TP0/(12004:12004): Soy un log
[INFO] 03:32:55:803 TP0/(12004:12004): Leyendo mantico
[INFO] 03:32:59:810 TP0/(12004:12004): paq
[INFO] 03:33:02:309 TP0/(12004:12004): weew
[INFO] 03:33:52:480 TP0/(12034:12034): Soy un log
[INFO] 03:33:52:487 TP0/(12034:12034): Leyendo mantico
[INFO] 03:33:57:451 TP0/(12034:12034): ertyy
[INFO] 03:34:00:595 TP0/(12034:12034): erert
[INFO] 03:39:20:873 TP0/(12309:12309): Soy un log
[INFO] 03:39:20:874 TP0/(12309:12309): Leyendo mantico
[INFO] 03:39:30:741 TP0/(12309:12309): ver
[INFO] 03:39:32:749 TP0/(12309:12309): rtry
[INFO] 03:40:19:187 TP0/(12361:12361): Soy un log
[INFO] 03:40:19:189 TP0/(12361:12361): Leyendo mantico
[INFO] 03:40:23:553 TP0/(12361:12361): ertg
[INFO] 03:40:25:357 TP0/(12361:12361): tgtgy
[INFO] 03:40:26:968 TP0/(12361:12361): yhrg
[INFO] 03:44:52:448 TP0/(12490:12490): Soy un log
[INFO] 03:44:52:449 TP0/(12490:12490): Leyendo mantico
[INFO] 03:45:44:788 TP0/(12566:12566): Soy un log
[INFO] 03:45:44:792 TP0/(12566:12566): Leyendo mantico
[INFO] 03:45:48:072 TP0/(12566:12566): asde
[INFO] 03:45:49:286 TP0/(12566:12566): frfr
[INFO] 03:45:51:042 TP0/(12566:12566): grrfr
[INFO] 03:49:18:811 TP0/(12641:12641): Soy un log
[INFO] 03:49:18:814 TP0/(12641:12641): Leyendo mantico
[INFO] 03:49:50:187 TP0/(12683:12683): Soy un log
[INFO] 03:49:50:187 TP0/(12683:12683): Leyendo mantico
[INFO] 04:02:03:140 TP0/(12921:12921): Soy un log
[INFO] 04:02:03:141 TP0/(12921:12921): Leyendo mantico
[INFO] 04:02:06:154 TP0/(12921:12921): asd
[INFO] 04:02:08:071 TP0/(12921:12921): deer
[INFO] 04:02:10:432 TP0/(12921:12921): edef
[INFO] 04:03:42:962 TP0/(12996:12996): Soy un log
[INFO] 04:03:42:962 TP0/(12996:12996): Leyendo mantico
[INFO] 04:03:46:264 TP0/(12996:12996): erfe
[INFO] 04:03:48:300 TP0/(12996:12996): tgtr
[INFO] 04:03:50:207 TP0/(12996:12996): edwe
[INFO] 04:06:15:698 TP0/(13085:13085): Soy un log
[INFO] 04:06:15:698 TP0/(13085:13085): Leyendo mantico
[INFO] 04:06:19:043 TP0/(13085:13085): ererp
[INFO] 04:06:20:922 TP0/(13085:13085): ererw
[INFO] 04:08:04:263 TP0/(13211:13211): Soy un log
[INFO] 04:08:04:266 TP0/(13211:13211): Leyendo mantico
[INFO] 04:08:08:257 TP0/(13211:13211): perro
[INFO] 04:08:10:811 TP0/(13211:13211): wer
[INFO] 04:08:35:974 TP0/(13224:13224): Soy un log
[INFO] 04:08:35:978 TP0/(13224:13224): Leyendo mantico
[INFO] 04:08:38:997 TP0/(13224:13224): ert
[INFO] 04:08:39:858 TP0/(13224:13224): rtrt
[INFO] 04:11:08:512 TP0/(13306:13306): Soy un log
[INFO] 04:11:08:516 TP0/(13306:13306): Leyendo mantico
[INFO] 10:31:55:356 TP0/(3886:3886): Soy un log
[INFO] 10:31:55:358 TP0/(3886:3886): Leyendo mantico
[INFO] 10:31:58:520 TP0/(3886:3886): va
[INFO] 10:32:00:449 TP0/(3886:3886): erre
[INFO] 10:32:02:057 TP0/(3886:3886): rtr
[INFO] 10:32:50:891 TP0/(4036:4036): Soy un log
[INFO] 10:32:50:895 TP0/(4036:4036): Leyendo mantico
[INFO] 10:32:58:648 TP0/(4036:4036): assss
[INFO] 10:33:00:262 TP0/(4036:4036): erer
[INFO] 10:34:52:281 TP0/(4204:4204): Soy un log
[INFO] 10:34:52:287 TP0/(4204:4204): Leyendo mantico
[INFO] 10:34:58:230 TP0/(4204:4204): vasss
[INFO] 10:34:59:956 TP0/(4204:4204): erere
[INFO] 10:36:17:271 TP0/(4265:4265): Soy un log
[INFO] 10:36:17:273 TP0/(4265:4265): Leyendo mantico
[INFO] 10:36:21:728 TP0/(4265:4265): perro
[INFO] 10:36:23:373 TP0/(4265:4265): asas
[INFO] 10:37:24:472 TP0/(4319:4319): Soy un log
[INFO] 10:37:24:474 TP0/(4319:4319): Leyendo mantico
[INFO] 10:37:28:912 TP0/(4319:4319): rty
[INFO] 10:37:31:772 TP0/(4319:4319): rttyu
[INFO] 10:40:16:055 TP0/(4596:4596): Soy un log
[INFO] 10:40:16:059 TP0/(4596:4596): Leyendo mantico
[INFO] 10:40:19:941 TP0/(4596:4596): vs
[INFO] 10:40:21:889 TP0/(4596:4596): ererre
[INFO] 10:40:46:833 TP0/(4612:4612): Soy un log
[INFO] 10:40:46:834 TP0/(4612:4612): Leyendo mantico
[INFO] 15:45:33:632 TP0/(9838:9838): Soy un log
[INFO] 15:45:33:637 TP0/(9838:9838): Leyendo mantico
[INFO] 15:45:39:590 TP0/(9838:9838): kokok
[INFO] 15:47:13:916 TP0/(10010:10010): Soy un log
[INFO] 15:47:13:917 TP0/(10010:10010): Leyendo mantico
[INFO] 15:47:18:874 TP0/(10010:10010): pessss
[INFO] 15:47:21:880 TP0/(10010:10010): erertr
[INFO] 15:47:24:278 TP0/(10010:10010): asasa
[INFO] 15:51:52:548 TP0/(10213:10213): Soy un log
[INFO] 15:51:52:552 TP0/(10213:10213): Leyendo mantico
[INFO] 15:51:56:172 TP0/(10213:10213): frg
[INFO] 15:52:00:236 TP0/(10213:10213): wewe
[INFO] 16:07:59:574 TP0/(11343:11343): Soy un log
[INFO] 16:07:59:579 TP0/(11343:11343): Leyendo mantico
[INFO] 16:08:31:607 TP0/(11358:11358): Soy un log
[INFO] 16:08:31:609 TP0/(11358:11358): Leyendo mantico
[INFO] 16:18:05:776 TP0/(11569:11569): Soy un log
[INFO] 16:18:05:780 TP0/(11569:11569): Leyendo mantico
[INFO] 16:20:04:208 TP0/(11723:11723): Soy un log
[INFO] 16:20:04:210 TP0/(11723:11723): Leyendo mantico
[INFO] 16:21:02:701 TP0/(11778:11778): Soy un log
[INFO] 16:21:02:716 TP0/(11778:11778): Leyendo mantico
[INFO] 16:22:47:488 TP0/(11830:11830): Soy un log
[INFO] 16:22:47:492 TP0/(11830:11830): Leyendo mantico
[INFO] 16:23:04:710 TP0/(11879:11879): Soy un log
[INFO] 16:23:04:712 TP0/(11879:11879): Leyendo mantico
[INFO] 16:28:43:149 TP0/(12161:12161): Soy un log
[INFO] 16:28:43:153 TP0/(12161:12161): Leyendo mantico
[INFO] 16:28:48:582 TP0/(12161:12161): bast
[INFO] 16:30:04:514 TP0/(12218:12218): Soy un log
[INFO] 16:30:04:522 TP0/(12218:12218): Leyendo mantico
[INFO] 16:30:27:122 TP0/(12231:12231): Soy un log
[INFO] 16:30:27:123 TP0/(12231:12231): Leyendo mantico
[INFO] 16:30:34:732 TP0/(12231:12231): perrro
[INFO] 16:30:39:072 TP0/(12231:12231): ererere
[INFO] 16:43:44:093 TP0/(12494:12494): Soy un log
[INFO] 16:43:44:095 TP0/(12494:12494): Leyendo mantico
[INFO] 16:43:48:096 TP0/(12494:12494): perro
[INFO] 16:43:50:180 TP0/(12494:12494): wewewp
[INFO] 16:47:31:485 TP0/(12619:12619): Soy un log
[INFO] 16:47:31:487 TP0/(12619:12619): Leyendo mantico
[INFO] 16:47:51:913 TP0/(12658:12658): Soy un log
[INFO] 16:47:51:914 TP0/(12658:12658): Leyendo mantico
[INFO] 16:48:22:576 TP0/(12703:12703): Soy un log
[INFO] 16:48:22:582 TP0/(12703:12703): Leyendo mantico
[INFO] 16:48:36:546 TP0/(12738:12738): Soy un log
[INFO] 16:48:36:552 TP0/(12738:12738): Leyendo mantico
[INFO] 16:49:11:419 TP0/(12769:12769): Soy un log
[INFO] 16:49:11:422 TP0/(12769:12769): Leyendo mantico
[INFO] 16:49:14:754 TP0/(12769:12769): peaso
[INFO] 16:49:16:395 TP0/(12769:12769): ererp
[INFO] 16:49:53:201 TP0/(12808:12808): Soy un log
[INFO] 16:49:53:202 TP0/(12808:12808): Leyendo mantico
[INFO] 16:49:56:346 TP0/(12808:12808): asoap
[INFO] 16:49:57:617 TP0/(12808:12808): erere
[INFO] 16:51:22:915 TP0/(12909:12909): Soy un log
[INFO] 16:51:22:917 TP0/(12909:12909): Leyendo mantico
[INFO] 16:51:47:697 TP0/(12954:12954): Soy un log
[INFO] 16:51:47:699 TP0/(12954:12954): Leyendo mantico
[INFO] 16:52:40:266 TP0/(13102:13102): Soy un log
[INFO] 16:52:40:267 TP0/(13102:13102): Leyendo mantico
[INFO] 16:55:15:217 TP0/(13410:13410): Soy un log
[INFO] 16:55:15:222 TP0/(13410:13410): Leyendo mantico
[INFO] 16:55:18:420 TP0/(13410:13410): pasor
[INFO] 16:55:20:029 TP0/(13410:13410): erere
[INFO] 23:22:11:693 TP0/(5189:5189): Soy un log
[INFO] 23:22:11:702 TP0/(5189:5189): Leyendo mantico
[INFO] 23:22:14:524 TP0/(5189:5189): perro
[INFO] 23:22:16:748 TP0/(5189:5189): ererp
[INFO] 07:47:12:331 TP0/(10625:10625): Soy un log
[INFO] 07:47:17:320 TP0/(10625:10625): Leyendo mantico
[INFO] 07:48:41:073 TP0/(10737:10737): Soy un log
[INFO] 07:48:45:061 TP0/(10737:10737): Leyendo mantico
[INFO] 07:50:07:397 TP0/(10805:10805): Soy un log
[INFO] 07:50:24:753 TP0/(10805:10805): Leyendo mantico
[INFO] 07:52:24:758 TP0/(10887:10887): Soy un log
[INFO] 07:52:27:285 TP0/(10887:10887): Leyendo mantico
[INFO] 07:54:09:965 TP0/(10985:10985): Soy un log
[INFO] 07:54:15:538 TP0/(10985:10985): Leyendo mantico
[INFO] 07:55:45:401 TP0/(11168:11168): Soy un log
[INFO] 07:55:47:853 TP0/(11168:11168): Leyendo mantico
